{
  "stats": {
    "suites": 1,
    "tests": 3,
    "passes": 3,
    "pending": 0,
    "failures": 0,
    "start": "2017-12-14T07:34:43.698Z",
    "end": "2017-12-14T07:35:03.104Z",
    "duration": 19406,
    "testsRegistered": 3,
    "passPercent": 100,
    "pendingPercent": 0,
    "other": 0,
    "hasOther": false,
    "skipped": 0,
    "hasSkipped": false,
    "passPercentClass": "success",
    "pendingPercentClass": "danger"
  },
  "suites": {
    "uuid": "ea6bcd24-ad14-47f1-807a-4d524e43fe38",
    "title": "",
    "fullFile": "",
    "file": "",
    "beforeHooks": [],
    "afterHooks": [],
    "tests": [],
    "suites": [
      {
        "uuid": "7a78577c-9dee-414f-960f-9424237cb7c7",
        "title": "library app scenarios",
        "fullFile": "C:\\Users\\111\\Desktop\\TutorialBookJSautomation\\VideoAutomation\\test\\library8.test.js",
        "file": "\\test\\library8.test.js",
        "beforeHooks": [
          {
            "title": "\"before each\" hook",
            "fullTitle": "library app scenarios \"before each\" hook",
            "timedOut": false,
            "duration": 4,
            "pass": false,
            "fail": false,
            "pending": false,
            "code": "driver = new webdriver.Builder().forBrowser('firefox').build();\ndriver.get(\"http://library-app.firebaseapp.com\");     \ndriver.manage().window().setPosition(0, -600);",
            "err": {},
            "isRoot": false,
            "uuid": "d612f969-016e-4c3c-a585-36e2b13e9139",
            "isHook": true,
            "skipped": false
          }
        ],
        "afterHooks": [
          {
            "title": "\"after each\" hook",
            "fullTitle": "library app scenarios \"after each\" hook",
            "timedOut": false,
            "duration": 0,
            "pass": false,
            "fail": false,
            "pending": false,
            "code": "driver.quit();",
            "err": {},
            "isRoot": false,
            "uuid": "35ebcab8-0989-45b5-9399-80d54160ed15",
            "isHook": true,
            "skipped": false
          }
        ],
        "tests": [
          {
            "title": "Changes button opacity upon email being filled out",
            "fullTitle": "library app scenarios Changes button opacity upon email being filled out",
            "timedOut": false,
            "duration": 5859,
            "state": "passed",
            "speed": "slow",
            "pass": true,
            "fail": false,
            "pending": false,
            "code": "var submitBtn = driver.findElement(By.css('.btn-lg'));\ndriver.findElement(By.css('input')).sendKeys('us@mail.com');\nreturn submitBtn.getCssValue('opacity').then(function(result) {\n    assert(result === '1');\n});",
            "err": {},
            "isRoot": false,
            "uuid": "52985804-ad4b-412a-a1b3-2fa8e889344e",
            "isHook": false,
            "skipped": false
          },
          {
            "title": "submitting email shows in alert",
            "fullTitle": "library app scenarios submitting email shows in alert",
            "timedOut": false,
            "duration": 7270,
            "state": "passed",
            "speed": "slow",
            "pass": true,
            "fail": false,
            "pending": false,
            "code": "var submitBtn = driver.findElement(By.css('.btn-lg'));\ndriver.findElement(By.css('input')).sendKeys('us@mail.com');\nsubmitBtn.click();\n//explicit wait\ndriver.wait(until.elementLocated(By.css('.alert-success')), 5000);\ndriver.findElements(By.css('.alert-success')).then(function(result){\n    assert.equal(result.length, 1, \"alert-success were found\");\n});",
            "err": {},
            "isRoot": false,
            "uuid": "fbe641df-313f-47d7-95ab-56a337b4c92d",
            "isHook": false,
            "skipped": false
          },
          {
            "title": "Shows a navbar",
            "fullTitle": "library app scenarios Shows a navbar",
            "timedOut": false,
            "duration": 6224,
            "state": "passed",
            "speed": "slow",
            "pass": true,
            "fail": false,
            "pending": false,
            "code": "driver.findElement(By.css('nav')).getText().then(function(txt){\n    console.log(txt);\n});",
            "err": {},
            "isRoot": false,
            "uuid": "f972ed28-e978-406c-a63b-8e940b460e1b",
            "isHook": false,
            "skipped": false
          }
        ],
        "suites": [],
        "passes": [
          "52985804-ad4b-412a-a1b3-2fa8e889344e",
          "fbe641df-313f-47d7-95ab-56a337b4c92d",
          "f972ed28-e978-406c-a63b-8e940b460e1b"
        ],
        "failures": [],
        "pending": [],
        "skipped": [],
        "duration": 19353,
        "root": false,
        "rootEmpty": false,
        "_timeout": 50000
      }
    ],
    "passes": [],
    "failures": [],
    "pending": [],
    "skipped": [],
    "duration": 0,
    "root": true,
    "rootEmpty": true,
    "_timeout": 2000
  },
  "copyrightYear": 2017
}